[2022-09-19 22:17:23] local.ERROR: SQLSTATE[42S01]: Base table or view already exists: 1050 Table 'posts' already exists (SQL: create table `posts` (`id` bigint unsigned not null auto_increment primary key, `usuario` varchar(255) not null, `titulo` varchar(255) not null, `Descricao` varchar(255) not null, `created_at` timestamp null, `updated_at` timestamp null) default character set utf8mb4 collate 'utf8mb4_unicode_ci') {"exception":"[object] (Illuminate\\Database\\QueryException(code: 42S01): SQLSTATE[42S01]: Base table or view already exists: 1050 Table 'posts' already exists (SQL: create table `posts` (`id` bigint unsigned not null auto_increment primary key, `usuario` varchar(255) not null, `titulo` varchar(255) not null, `Descricao` varchar(255) not null, `created_at` timestamp null, `updated_at` timestamp null) default character set utf8mb4 collate 'utf8mb4_unicode_ci') at C:\\Users\\labinfo\\Desktop\\projeto\\Projeto\\vendor\\laravel\\framework\\src\\Illuminate\\Database\\Connection.php:759)
[stacktrace]
#0 C:\\Users\\labinfo\\Desktop\\projeto\\Projeto\\vendor\\laravel\\framework\\src\\Illuminate\\Database\\Connection.php(719): Illuminate\\Database\\Connection->runQueryCallback('create table `p...', Array, Object(Closure))
#1 C:\\Users\\labinfo\\Desktop\\projeto\\Projeto\\vendor\\laravel\\framework\\src\\Illuminate\\Database\\Connection.php(545): Illuminate\\Database\\Connection->run('create table `p...', Array, Object(Closure))
#2 C:\\Users\\labinfo\\Desktop\\projeto\\Projeto\\vendor\\laravel\\framework\\src\\Illuminate\\Database\\Schema\\Blueprint.php(109): Illuminate\\Database\\Connection->statement('create table `p...')
#3 C:\\Users\\labinfo\\Desktop\\projeto\\Projeto\\vendor\\laravel\\framework\\src\\Illuminate\\Database\\Schema\\Builder.php(394): Illuminate\\Database\\Schema\\Blueprint->build(Object(Illuminate\\Database\\MySqlConnection), Object(Illuminate\\Database\\Schema\\Grammars\\MySqlGrammar))
#4 C:\\Users\\labinfo\\Desktop\\projeto\\Projeto\\vendor\\laravel\\framework\\src\\Illuminate\\Database\\Schema\\Builder.php(257): Illuminate\\Database\\Schema\\Builder->build(Object(Illuminate\\Database\\Schema\\Blueprint))
#5 C:\\Users\\labinfo\\Desktop\\projeto\\Projeto\\vendor\\laravel\\framework\\src\\Illuminate\\Support\\Facades\\Facade.php(338): Illuminate\\Database\\Schema\\Builder->create('posts', Object(Closure))
#6 C:\\Users\\labinfo\\Desktop\\projeto\\Projeto\\database\\migrations\\2022_09_19_220542_create_posts_table.php(22): Illuminate\\Support\\Facades\\Facade::__callStatic('create', Array)
#7 C:\\Users\\labinfo\\Desktop\\projeto\\Projeto\\vendor\\laravel\\framework\\src\\Illuminate\\Database\\Migrations\\Migrator.php(482): Illuminate\\Database\\Migrations\\Migration@anonymous->up()
#8 C:\\Users\\labinfo\\Desktop\\projeto\\Projeto\\vendor\\laravel\\framework\\src\\Illuminate\\Database\\Migrations\\Migrator.php(400): Illuminate\\Database\\Migrations\\Migrator->runMethod(Object(Illuminate\\Database\\MySqlConnection), Object(Illuminate\\Database\\Migrations\\Migration@anonymous), 'up')
#9 C:\\Users\\labinfo\\Desktop\\projeto\\Projeto\\vendor\\laravel\\framework\\src\\Illuminate\\Database\\Migrations\\Migrator.php(409): Illuminate\\Database\\Migrations\\Migrator->Illuminate\\Database\\Migrations\\{closure}()
#10 C:\\Users\\labinfo\\Desktop\\projeto\\Projeto\\vendor\\laravel\\framework\\src\\Illuminate\\Database\\Migrations\\Migrator.php(210): Illuminate\\Database\\Migrations\\Migrator->runMigration(Object(Illuminate\\Database\\Migrations\\Migration@anonymous), 'up')
#11 C:\\Users\\labinfo\\Desktop\\projeto\\Projeto\\vendor\\laravel\\framework\\src\\Illuminate\\Console\\View\\Components\\Task.php(36): Illuminate\\Database\\Migrations\\Migrator->Illuminate\\Database\\Migrations\\{closure}()
#12 C:\\Users\\labinfo\\Desktop\\projeto\\Projeto\\vendor\\laravel\\framework\\src\\Illuminate\\Database\\Migrations\\Migrator.php(740): Illuminate\\Console\\View\\Components\\Task->render('2022_09_19_2205...', Object(Closure))
#13 C:\\Users\\labinfo\\Desktop\\projeto\\Projeto\\vendor\\laravel\\framework\\src\\Illuminate\\Database\\Migrations\\Migrator.php(210): Illuminate\\Database\\Migrations\\Migrator->write('Illuminate\\\\Cons...', '2022_09_19_2205...', Object(Closure))
#14 C:\\Users\\labinfo\\Desktop\\projeto\\Projeto\\vendor\\laravel\\framework\\src\\Illuminate\\Database\\Migrations\\Migrator.php(175): Illuminate\\Database\\Migrations\\Migrator->runUp('C:\\\\Users\\\\labinf...', 2, false)
#15 C:\\Users\\labinfo\\Desktop\\projeto\\Projeto\\vendor\\laravel\\framework\\src\\Illuminate\\Database\\Migrations\\Migrator.php(118): Illuminate\\Database\\Migrations\\Migrator->runPending(Array, Array)
#16 C:\\Users\\labinfo\\Desktop\\projeto\\Projeto\\vendor\\laravel\\framework\\src\\Illuminate\\Database\\Console\\Migrations\\MigrateCommand.php(88): Illuminate\\Database\\Migrations\\Migrator->run(Array, Array)
#17 C:\\Users\\labinfo\\Desktop\\projeto\\Projeto\\vendor\\laravel\\framework\\src\\Illuminate\\Database\\Migrations\\Migrator.php(616): Illuminate\\Database\\Console\\Migrations\\MigrateCommand->Illuminate\\Database\\Console\\Migrations\\{closure}()
#18 C:\\Users\\labinfo\\Desktop\\projeto\\Projeto\\vendor\\laravel\\framework\\src\\Illuminate\\Database\\Console\\Migrations\\MigrateCommand.php(100): Illuminate\\Database\\Migrations\\Migrator->usingConnection(NULL, Object(Closure))
#19 C:\\Users\\labinfo\\Desktop\\projeto\\Projeto\\vendor\\laravel\\framework\\src\\Illuminate\\Container\\BoundMethod.php(36): Illuminate\\Database\\Console\\Migrations\\MigrateCommand->handle()
#20 C:\\Users\\labinfo\\Desktop\\projeto\\Projeto\\vendor\\laravel\\framework\\src\\Illuminate\\Container\\Util.php(41): Illuminate\\Container\\BoundMethod::Illuminate\\Container\\{closure}()
#21 C:\\Users\\labinfo\\Desktop\\projeto\\Projeto\\vendor\\laravel\\framework\\src\\Illuminate\\Container\\BoundMethod.php(93): Illuminate\\Container\\Util::unwrapIfClosure(Object(Closure))
#22 C:\\Users\\labinfo\\Desktop\\projeto\\Projeto\\vendor\\laravel\\framework\\src\\Illuminate\\Container\\BoundMethod.php(37): Illuminate\\Container\\BoundMethod::callBoundMethod(Object(Illuminate\\Foundation\\Application), Array, Object(Closure))
#23 C:\\Users\\labinfo\\Desktop\\projeto\\Projeto\\vendor\\laravel\\framework\\src\\Illuminate\\Container\\Container.php(651): Illuminate\\Container\\BoundMethod::call(Object(Illuminate\\Foundation\\Application), Array, Array, NULL)
#24 C:\\Users\\labinfo\\Desktop\\projeto\\Projeto\\vendor\\laravel\\framework\\src\\Illuminate\\Console\\Command.php(144): Illuminate\\Container\\Container->call(Array)
#25 C:\\Users\\labinfo\\Desktop\\projeto\\Projeto\\vendor\\symfony\\console\\Command\\Command.php(308): Illuminate\\Console\\Command->execute(Object(Symfony\\Component\\Console\\Input\\ArgvInput), Object(Illuminate\\Console\\OutputStyle))
#26 C:\\Users\\labinfo\\Desktop\\projeto\\Projeto\\vendor\\laravel\\framework\\src\\Illuminate\\Console\\Command.php(126): Symfony\\Component\\Console\\Command\\Command->run(Object(Symfony\\Component\\Console\\Input\\ArgvInput), Object(Illuminate\\Console\\OutputStyle))
#27 C:\\Users\\labinfo\\Desktop\\projeto\\Projeto\\vendor\\symfony\\console\\Application.php(1002): Illuminate\\Console\\Command->run(Object(Symfony\\Component\\Console\\Input\\ArgvInput), Object(Symfony\\Component\\Console\\Output\\ConsoleOutput))
#28 C:\\Users\\labinfo\\Desktop\\projeto\\Projeto\\vendor\\symfony\\console\\Application.php(299): Symfony\\Component\\Console\\Application->doRunCommand(Object(Illuminate\\Database\\Console\\Migrations\\MigrateCommand), Object(Symfony\\Component\\Console\\Input\\ArgvInput), Object(Symfony\\Component\\Console\\Output\\ConsoleOutput))
#29 C:\\Users\\labinfo\\Desktop\\projeto\\Projeto\\vendor\\symfony\\console\\Application.php(171): Symfony\\Component\\Console\\Application->doRun(Object(Symfony\\Component\\Console\\Input\\ArgvInput), Object(Symfony\\Component\\Console\\Output\\ConsoleOutput))
#30 C:\\Users\\labinfo\\Desktop\\projeto\\Projeto\\vendor\\laravel\\framework\\src\\Illuminate\\Console\\Application.php(102): Symfony\\Component\\Console\\Application->run(Object(Symfony\\Component\\Console\\Input\\ArgvInput), Object(Symfony\\Component\\Console\\Output\\ConsoleOutput))
#31 C:\\Users\\labinfo\\Desktop\\projeto\\Projeto\\vendor\\laravel\\framework\\src\\Illuminate\\Foundation\\Console\\Kernel.php(129): Illuminate\\Console\\Application->run(Object(Symfony\\Component\\Console\\Input\\ArgvInput), Object(Symfony\\Component\\Console\\Output\\ConsoleOutput))
#32 C:\\Users\\labinfo\\Desktop\\projeto\\Projeto\\artisan(37): Illuminate\\Foundation\\Console\\Kernel->handle(Object(Symfony\\Component\\Console\\Input\\ArgvInput), Object(Symfony\\Component\\Console\\Output\\ConsoleOutput))
#33 {main}

[previous exception] [object] (PDOException(code: 42S01): SQLSTATE[42S01]: Base table or view already exists: 1050 Table 'posts' already exists at C:\\Users\\labinfo\\Desktop\\projeto\\Projeto\\vendor\\laravel\\framework\\src\\Illuminate\\Database\\Connection.php:544)
[stacktrace]
#0 C:\\Users\\labinfo\\Desktop\\projeto\\Projeto\\vendor\\laravel\\framework\\src\\Illuminate\\Database\\Connection.php(544): PDOStatement->execute()
#1 C:\\Users\\labinfo\\Desktop\\projeto\\Projeto\\vendor\\laravel\\framework\\src\\Illuminate\\Database\\Connection.php(752): Illuminate\\Database\\Connection->Illuminate\\Database\\{closure}('create table `p...', Array)
#2 C:\\Users\\labinfo\\Desktop\\projeto\\Projeto\\vendor\\laravel\\framework\\src\\Illuminate\\Database\\Connection.php(719): Illuminate\\Database\\Connection->runQueryCallback('create table `p...', Array, Object(Closure))
#3 C:\\Users\\labinfo\\Desktop\\projeto\\Projeto\\vendor\\laravel\\framework\\src\\Illuminate\\Database\\Connection.php(545): Illuminate\\Database\\Connection->run('create table `p...', Array, Object(Closure))
#4 C:\\Users\\labinfo\\Desktop\\projeto\\Projeto\\vendor\\laravel\\framework\\src\\Illuminate\\Database\\Schema\\Blueprint.php(109): Illuminate\\Database\\Connection->statement('create table `p...')
#5 C:\\Users\\labinfo\\Desktop\\projeto\\Projeto\\vendor\\laravel\\framework\\src\\Illuminate\\Database\\Schema\\Builder.php(394): Illuminate\\Database\\Schema\\Blueprint->build(Object(Illuminate\\Database\\MySqlConnection), Object(Illuminate\\Database\\Schema\\Grammars\\MySqlGrammar))
#6 C:\\Users\\labinfo\\Desktop\\projeto\\Projeto\\vendor\\laravel\\framework\\src\\Illuminate\\Database\\Schema\\Builder.php(257): Illuminate\\Database\\Schema\\Builder->build(Object(Illuminate\\Database\\Schema\\Blueprint))
#7 C:\\Users\\labinfo\\Desktop\\projeto\\Projeto\\vendor\\laravel\\framework\\src\\Illuminate\\Support\\Facades\\Facade.php(338): Illuminate\\Database\\Schema\\Builder->create('posts', Object(Closure))
#8 C:\\Users\\labinfo\\Desktop\\projeto\\Projeto\\database\\migrations\\2022_09_19_220542_create_posts_table.php(22): Illuminate\\Support\\Facades\\Facade::__callStatic('create', Array)
#9 C:\\Users\\labinfo\\Desktop\\projeto\\Projeto\\vendor\\laravel\\framework\\src\\Illuminate\\Database\\Migrations\\Migrator.php(482): Illuminate\\Database\\Migrations\\Migration@anonymous->up()
#10 C:\\Users\\labinfo\\Desktop\\projeto\\Projeto\\vendor\\laravel\\framework\\src\\Illuminate\\Database\\Migrations\\Migrator.php(400): Illuminate\\Database\\Migrations\\Migrator->runMethod(Object(Illuminate\\Database\\MySqlConnection), Object(Illuminate\\Database\\Migrations\\Migration@anonymous), 'up')
#11 C:\\Users\\labinfo\\Desktop\\projeto\\Projeto\\vendor\\laravel\\framework\\src\\Illuminate\\Database\\Migrations\\Migrator.php(409): Illuminate\\Database\\Migrations\\Migrator->Illuminate\\Database\\Migrations\\{closure}()
#12 C:\\Users\\labinfo\\Desktop\\projeto\\Projeto\\vendor\\laravel\\framework\\src\\Illuminate\\Database\\Migrations\\Migrator.php(210): Illuminate\\Database\\Migrations\\Migrator->runMigration(Object(Illuminate\\Database\\Migrations\\Migration@anonymous), 'up')
#13 C:\\Users\\labinfo\\Desktop\\projeto\\Projeto\\vendor\\laravel\\framework\\src\\Illuminate\\Console\\View\\Components\\Task.php(36): Illuminate\\Database\\Migrations\\Migrator->Illuminate\\Database\\Migrations\\{closure}()
#14 C:\\Users\\labinfo\\Desktop\\projeto\\Projeto\\vendor\\laravel\\framework\\src\\Illuminate\\Database\\Migrations\\Migrator.php(740): Illuminate\\Console\\View\\Components\\Task->render('2022_09_19_2205...', Object(Closure))
#15 C:\\Users\\labinfo\\Desktop\\projeto\\Projeto\\vendor\\laravel\\framework\\src\\Illuminate\\Database\\Migrations\\Migrator.php(210): Illuminate\\Database\\Migrations\\Migrator->write('Illuminate\\\\Cons...', '2022_09_19_2205...', Object(Closure))
#16 C:\\Users\\labinfo\\Desktop\\projeto\\Projeto\\vendor\\laravel\\framework\\src\\Illuminate\\Database\\Migrations\\Migrator.php(175): Illuminate\\Database\\Migrations\\Migrator->runUp('C:\\\\Users\\\\labinf...', 2, false)
#17 C:\\Users\\labinfo\\Desktop\\projeto\\Projeto\\vendor\\laravel\\framework\\src\\Illuminate\\Database\\Migrations\\Migrator.php(118): Illuminate\\Database\\Migrations\\Migrator->runPending(Array, Array)
#18 C:\\Users\\labinfo\\Desktop\\projeto\\Projeto\\vendor\\laravel\\framework\\src\\Illuminate\\Database\\Console\\Migrations\\MigrateCommand.php(88): Illuminate\\Database\\Migrations\\Migrator->run(Array, Array)
#19 C:\\Users\\labinfo\\Desktop\\projeto\\Projeto\\vendor\\laravel\\framework\\src\\Illuminate\\Database\\Migrations\\Migrator.php(616): Illuminate\\Database\\Console\\Migrations\\MigrateCommand->Illuminate\\Database\\Console\\Migrations\\{closure}()
#20 C:\\Users\\labinfo\\Desktop\\projeto\\Projeto\\vendor\\laravel\\framework\\src\\Illuminate\\Database\\Console\\Migrations\\MigrateCommand.php(100): Illuminate\\Database\\Migrations\\Migrator->usingConnection(NULL, Object(Closure))
#21 C:\\Users\\labinfo\\Desktop\\projeto\\Projeto\\vendor\\laravel\\framework\\src\\Illuminate\\Container\\BoundMethod.php(36): Illuminate\\Database\\Console\\Migrations\\MigrateCommand->handle()
#22 C:\\Users\\labinfo\\Desktop\\projeto\\Projeto\\vendor\\laravel\\framework\\src\\Illuminate\\Container\\Util.php(41): Illuminate\\Container\\BoundMethod::Illuminate\\Container\\{closure}()
#23 C:\\Users\\labinfo\\Desktop\\projeto\\Projeto\\vendor\\laravel\\framework\\src\\Illuminate\\Container\\BoundMethod.php(93): Illuminate\\Container\\Util::unwrapIfClosure(Object(Closure))
#24 C:\\Users\\labinfo\\Desktop\\projeto\\Projeto\\vendor\\laravel\\framework\\src\\Illuminate\\Container\\BoundMethod.php(37): Illuminate\\Container\\BoundMethod::callBoundMethod(Object(Illuminate\\Foundation\\Application), Array, Object(Closure))
#25 C:\\Users\\labinfo\\Desktop\\projeto\\Projeto\\vendor\\laravel\\framework\\src\\Illuminate\\Container\\Container.php(651): Illuminate\\Container\\BoundMethod::call(Object(Illuminate\\Foundation\\Application), Array, Array, NULL)
#26 C:\\Users\\labinfo\\Desktop\\projeto\\Projeto\\vendor\\laravel\\framework\\src\\Illuminate\\Console\\Command.php(144): Illuminate\\Container\\Container->call(Array)
#27 C:\\Users\\labinfo\\Desktop\\projeto\\Projeto\\vendor\\symfony\\console\\Command\\Command.php(308): Illuminate\\Console\\Command->execute(Object(Symfony\\Component\\Console\\Input\\ArgvInput), Object(Illuminate\\Console\\OutputStyle))
#28 C:\\Users\\labinfo\\Desktop\\projeto\\Projeto\\vendor\\laravel\\framework\\src\\Illuminate\\Console\\Command.php(126): Symfony\\Component\\Console\\Command\\Command->run(Object(Symfony\\Component\\Console\\Input\\ArgvInput), Object(Illuminate\\Console\\OutputStyle))
#29 C:\\Users\\labinfo\\Desktop\\projeto\\Projeto\\vendor\\symfony\\console\\Application.php(1002): Illuminate\\Console\\Command->run(Object(Symfony\\Component\\Console\\Input\\ArgvInput), Object(Symfony\\Component\\Console\\Output\\ConsoleOutput))
#30 C:\\Users\\labinfo\\Desktop\\projeto\\Projeto\\vendor\\symfony\\console\\Application.php(299): Symfony\\Component\\Console\\Application->doRunCommand(Object(Illuminate\\Database\\Console\\Migrations\\MigrateCommand), Object(Symfony\\Component\\Console\\Input\\ArgvInput), Object(Symfony\\Component\\Console\\Output\\ConsoleOutput))
#31 C:\\Users\\labinfo\\Desktop\\projeto\\Projeto\\vendor\\symfony\\console\\Application.php(171): Symfony\\Component\\Console\\Application->doRun(Object(Symfony\\Component\\Console\\Input\\ArgvInput), Object(Symfony\\Component\\Console\\Output\\ConsoleOutput))
#32 C:\\Users\\labinfo\\Desktop\\projeto\\Projeto\\vendor\\laravel\\framework\\src\\Illuminate\\Console\\Application.php(102): Symfony\\Component\\Console\\Application->run(Object(Symfony\\Component\\Console\\Input\\ArgvInput), Object(Symfony\\Component\\Console\\Output\\ConsoleOutput))
#33 C:\\Users\\labinfo\\Desktop\\projeto\\Projeto\\vendor\\laravel\\framework\\src\\Illuminate\\Foundation\\Console\\Kernel.php(129): Illuminate\\Console\\Application->run(Object(Symfony\\Component\\Console\\Input\\ArgvInput), Object(Symfony\\Component\\Console\\Output\\ConsoleOutput))
#34 C:\\Users\\labinfo\\Desktop\\projeto\\Projeto\\artisan(37): Illuminate\\Foundation\\Console\\Kernel->handle(Object(Symfony\\Component\\Console\\Input\\ArgvInput), Object(Symfony\\Component\\Console\\Output\\ConsoleOutput))
#35 {main}
"} 
[2022-09-19 23:08:28] local.ERROR: SQLSTATE[23000]: Integrity constraint violation: 1048 Column 'titulo' cannot be null (SQL: insert into `posts` (`usuario`, `titulo`, `descricao`, `updated_at`, `created_at`) values (Lucas, ?, Sao 20:09, 2022-09-19 23:08:28, 2022-09-19 23:08:28)) {"exception":"[object] (Illuminate\\Database\\QueryException(code: 23000): SQLSTATE[23000]: Integrity constraint violation: 1048 Column 'titulo' cannot be null (SQL: insert into `posts` (`usuario`, `titulo`, `descricao`, `updated_at`, `created_at`) values (Lucas, ?, Sao 20:09, 2022-09-19 23:08:28, 2022-09-19 23:08:28)) at C:\\Users\\labinfo\\Desktop\\projeto\\Projeto\\vendor\\laravel\\framework\\src\\Illuminate\\Database\\Connection.php:759)
[stacktrace]
#0 C:\\Users\\labinfo\\Desktop\\projeto\\Projeto\\vendor\\laravel\\framework\\src\\Illuminate\\Database\\Connection.php(719): Illuminate\\Database\\Connection->runQueryCallback('insert into `po...', Array, Object(Closure))
#1 C:\\Users\\labinfo\\Desktop\\projeto\\Projeto\\vendor\\laravel\\framework\\src\\Illuminate\\Database\\Connection.php(545): Illuminate\\Database\\Connection->run('insert into `po...', Array, Object(Closure))
#2 C:\\Users\\labinfo\\Desktop\\projeto\\Projeto\\vendor\\laravel\\framework\\src\\Illuminate\\Database\\Connection.php(497): Illuminate\\Database\\Connection->statement('insert into `po...', Array)
#3 C:\\Users\\labinfo\\Desktop\\projeto\\Projeto\\vendor\\laravel\\framework\\src\\Illuminate\\Database\\Query\\Processors\\Processor.php(32): Illuminate\\Database\\Connection->insert('insert into `po...', Array)
#4 C:\\Users\\labinfo\\Desktop\\projeto\\Projeto\\vendor\\laravel\\framework\\src\\Illuminate\\Database\\Query\\Builder.php(3252): Illuminate\\Database\\Query\\Processors\\Processor->processInsertGetId(Object(Illuminate\\Database\\Query\\Builder), 'insert into `po...', Array, 'id')
#5 C:\\Users\\labinfo\\Desktop\\projeto\\Projeto\\vendor\\laravel\\framework\\src\\Illuminate\\Database\\Eloquent\\Builder.php(1858): Illuminate\\Database\\Query\\Builder->insertGetId(Array, 'id')
#6 C:\\Users\\labinfo\\Desktop\\projeto\\Projeto\\vendor\\laravel\\framework\\src\\Illuminate\\Database\\Eloquent\\Model.php(1245): Illuminate\\Database\\Eloquent\\Builder->__call('insertGetId', Array)
#7 C:\\Users\\labinfo\\Desktop\\projeto\\Projeto\\vendor\\laravel\\framework\\src\\Illuminate\\Database\\Eloquent\\Model.php(1210): Illuminate\\Database\\Eloquent\\Model->insertAndSetId(Object(Illuminate\\Database\\Eloquent\\Builder), Array)
#8 C:\\Users\\labinfo\\Desktop\\projeto\\Projeto\\vendor\\laravel\\framework\\src\\Illuminate\\Database\\Eloquent\\Model.php(1051): Illuminate\\Database\\Eloquent\\Model->performInsert(Object(Illuminate\\Database\\Eloquent\\Builder))
#9 C:\\Users\\labinfo\\Desktop\\projeto\\Projeto\\app\\Http\\Controllers\\PostController.php(28): Illuminate\\Database\\Eloquent\\Model->save()
#10 C:\\Users\\labinfo\\Desktop\\projeto\\Projeto\\vendor\\laravel\\framework\\src\\Illuminate\\Routing\\Controller.php(54): App\\Http\\Controllers\\PostController->store(Object(Illuminate\\Http\\Request), '1')
#11 C:\\Users\\labinfo\\Desktop\\projeto\\Projeto\\vendor\\laravel\\framework\\src\\Illuminate\\Routing\\ControllerDispatcher.php(45): Illuminate\\Routing\\Controller->callAction('store', Array)
#12 C:\\Users\\labinfo\\Desktop\\projeto\\Projeto\\vendor\\laravel\\framework\\src\\Illuminate\\Routing\\Route.php(261): Illuminate\\Routing\\ControllerDispatcher->dispatch(Object(Illuminate\\Routing\\Route), Object(App\\Http\\Controllers\\PostController), 'store')
#13 C:\\Users\\labinfo\\Desktop\\projeto\\Projeto\\vendor\\laravel\\framework\\src\\Illuminate\\Routing\\Route.php(204): Illuminate\\Routing\\Route->runController()
#14 C:\\Users\\labinfo\\Desktop\\projeto\\Projeto\\vendor\\laravel\\framework\\src\\Illuminate\\Routing\\Router.php(725): Illuminate\\Routing\\Route->run()
#15 C:\\Users\\labinfo\\Desktop\\projeto\\Projeto\\vendor\\laravel\\framework\\src\\Illuminate\\Pipeline\\Pipeline.php(141): Illuminate\\Routing\\Router->Illuminate\\Routing\\{closure}(Object(Illuminate\\Http\\Request))
#16 C:\\Users\\labinfo\\Desktop\\projeto\\Projeto\\vendor\\laravel\\framework\\src\\Illuminate\\Routing\\Middleware\\SubstituteBindings.php(50): Illuminate\\Pipeline\\Pipeline->Illuminate\\Pipeline\\{closure}(Object(Illuminate\\Http\\Request))
#17 C:\\Users\\labinfo\\Desktop\\projeto\\Projeto\\vendor\\laravel\\framework\\src\\Illuminate\\Pipeline\\Pipeline.php(180): Illuminate\\Routing\\Middleware\\SubstituteBindings->handle(Object(Illuminate\\Http\\Request), Object(Closure))
#18 C:\\Users\\labinfo\\Desktop\\projeto\\Projeto\\vendor\\laravel\\framework\\src\\Illuminate\\Routing\\Middleware\\ThrottleRequests.php(126): Illuminate\\Pipeline\\Pipeline->Illuminate\\Pipeline\\{closure}(Object(Illuminate\\Http\\Request))
#19 C:\\Users\\labinfo\\Desktop\\projeto\\Projeto\\vendor\\laravel\\framework\\src\\Illuminate\\Routing\\Middleware\\ThrottleRequests.php(102): Illuminate\\Routing\\Middleware\\ThrottleRequests->handleRequest(Object(Illuminate\\Http\\Request), Object(Closure), Array)
#20 C:\\Users\\labinfo\\Desktop\\projeto\\Projeto\\vendor\\laravel\\framework\\src\\Illuminate\\Routing\\Middleware\\ThrottleRequests.php(54): Illuminate\\Routing\\Middleware\\ThrottleRequests->handleRequestUsingNamedLimiter(Object(Illuminate\\Http\\Request), Object(Closure), 'api', Object(Closure))
#21 C:\\Users\\labinfo\\Desktop\\projeto\\Projeto\\vendor\\laravel\\framework\\src\\Illuminate\\Pipeline\\Pipeline.php(180): Illuminate\\Routing\\Middleware\\ThrottleRequests->handle(Object(Illuminate\\Http\\Request), Object(Closure), 'api')
#22 C:\\Users\\labinfo\\Desktop\\projeto\\Projeto\\vendor\\laravel\\framework\\src\\Illuminate\\Pipeline\\Pipeline.php(116): Illuminate\\Pipeline\\Pipeline->Illuminate\\Pipeline\\{closure}(Object(Illuminate\\Http\\Request))
#23 C:\\Users\\labinfo\\Desktop\\projeto\\Projeto\\vendor\\laravel\\framework\\src\\Illuminate\\Routing\\Router.php(726): Illuminate\\Pipeline\\Pipeline->then(Object(Closure))
#24 C:\\Users\\labinfo\\Desktop\\projeto\\Projeto\\vendor\\laravel\\framework\\src\\Illuminate\\Routing\\Router.php(703): Illuminate\\Routing\\Router->runRouteWithinStack(Object(Illuminate\\Routing\\Route), Object(Illuminate\\Http\\Request))
#25 C:\\Users\\labinfo\\Desktop\\projeto\\Projeto\\vendor\\laravel\\framework\\src\\Illuminate\\Routing\\Router.php(667): Illuminate\\Routing\\Router->runRoute(Object(Illuminate\\Http\\Request), Object(Illuminate\\Routing\\Route))
#26 C:\\Users\\labinfo\\Desktop\\projeto\\Projeto\\vendor\\laravel\\framework\\src\\Illuminate\\Routing\\Router.php(656): Illuminate\\Routing\\Router->dispatchToRoute(Object(Illuminate\\Http\\Request))
#27 C:\\Users\\labinfo\\Desktop\\projeto\\Projeto\\vendor\\laravel\\framework\\src\\Illuminate\\Foundation\\Http\\Kernel.php(167): Illuminate\\Routing\\Router->dispatch(Object(Illuminate\\Http\\Request))
#28 C:\\Users\\labinfo\\Desktop\\projeto\\Projeto\\vendor\\laravel\\framework\\src\\Illuminate\\Pipeline\\Pipeline.php(141): Illuminate\\Foundation\\Http\\Kernel->Illuminate\\Foundation\\Http\\{closure}(Object(Illuminate\\Http\\Request))
#29 C:\\Users\\labinfo\\Desktop\\projeto\\Projeto\\vendor\\laravel\\framework\\src\\Illuminate\\Foundation\\Http\\Middleware\\TransformsRequest.php(21): Illuminate\\Pipeline\\Pipeline->Illuminate\\Pipeline\\{closure}(Object(Illuminate\\Http\\Request))
#30 C:\\Users\\labinfo\\Desktop\\projeto\\Projeto\\vendor\\laravel\\framework\\src\\Illuminate\\Foundation\\Http\\Middleware\\ConvertEmptyStringsToNull.php(31): Illuminate\\Foundation\\Http\\Middleware\\TransformsRequest->handle(Object(Illuminate\\Http\\Request), Object(Closure))
#31 C:\\Users\\labinfo\\Desktop\\projeto\\Projeto\\vendor\\laravel\\framework\\src\\Illuminate\\Pipeline\\Pipeline.php(180): Illuminate\\Foundation\\Http\\Middleware\\ConvertEmptyStringsToNull->handle(Object(Illuminate\\Http\\Request), Object(Closure))
#32 C:\\Users\\labinfo\\Desktop\\projeto\\Projeto\\vendor\\laravel\\framework\\src\\Illuminate\\Foundation\\Http\\Middleware\\TransformsRequest.php(21): Illuminate\\Pipeline\\Pipeline->Illuminate\\Pipeline\\{closure}(Object(Illuminate\\Http\\Request))
#33 C:\\Users\\labinfo\\Desktop\\projeto\\Projeto\\vendor\\laravel\\framework\\src\\Illuminate\\Foundation\\Http\\Middleware\\TrimStrings.php(40): Illuminate\\Foundation\\Http\\Middleware\\TransformsRequest->handle(Object(Illuminate\\Http\\Request), Object(Closure))
#34 C:\\Users\\labinfo\\Desktop\\projeto\\Projeto\\vendor\\laravel\\framework\\src\\Illuminate\\Pipeline\\Pipeline.php(180): Illuminate\\Foundation\\Http\\Middleware\\TrimStrings->handle(Object(Illuminate\\Http\\Request), Object(Closure))
#35 C:\\Users\\labinfo\\Desktop\\projeto\\Projeto\\vendor\\laravel\\framework\\src\\Illuminate\\Foundation\\Http\\Middleware\\ValidatePostSize.php(27): Illuminate\\Pipeline\\Pipeline->Illuminate\\Pipeline\\{closure}(Object(Illuminate\\Http\\Request))
#36 C:\\Users\\labinfo\\Desktop\\projeto\\Projeto\\vendor\\laravel\\framework\\src\\Illuminate\\Pipeline\\Pipeline.php(180): Illuminate\\Foundation\\Http\\Middleware\\ValidatePostSize->handle(Object(Illuminate\\Http\\Request), Object(Closure))
#37 C:\\Users\\labinfo\\Desktop\\projeto\\Projeto\\vendor\\laravel\\framework\\src\\Illuminate\\Foundation\\Http\\Middleware\\PreventRequestsDuringMaintenance.php(86): Illuminate\\Pipeline\\Pipeline->Illuminate\\Pipeline\\{closure}(Object(Illuminate\\Http\\Request))
#38 C:\\Users\\labinfo\\Desktop\\projeto\\Projeto\\vendor\\laravel\\framework\\src\\Illuminate\\Pipeline\\Pipeline.php(180): Illuminate\\Foundation\\Http\\Middleware\\PreventRequestsDuringMaintenance->handle(Object(Illuminate\\Http\\Request), Object(Closure))
#39 C:\\Users\\labinfo\\Desktop\\projeto\\Projeto\\vendor\\laravel\\framework\\src\\Illuminate\\Http\\Middleware\\HandleCors.php(62): Illuminate\\Pipeline\\Pipeline->Illuminate\\Pipeline\\{closure}(Object(Illuminate\\Http\\Request))
#40 C:\\Users\\labinfo\\Desktop\\projeto\\Projeto\\vendor\\laravel\\framework\\src\\Illuminate\\Pipeline\\Pipeline.php(180): Illuminate\\Http\\Middleware\\HandleCors->handle(Object(Illuminate\\Http\\Request), Object(Closure))
#41 C:\\Users\\labinfo\\Desktop\\projeto\\Projeto\\vendor\\laravel\\framework\\src\\Illuminate\\Http\\Middleware\\TrustProxies.php(39): Illuminate\\Pipeline\\Pipeline->Illuminate\\Pipeline\\{closure}(Object(Illuminate\\Http\\Request))
#42 C:\\Users\\labinfo\\Desktop\\projeto\\Projeto\\vendor\\laravel\\framework\\src\\Illuminate\\Pipeline\\Pipeline.php(180): Illuminate\\Http\\Middleware\\TrustProxies->handle(Object(Illuminate\\Http\\Request), Object(Closure))
#43 C:\\Users\\labinfo\\Desktop\\projeto\\Projeto\\vendor\\laravel\\framework\\src\\Illuminate\\Pipeline\\Pipeline.php(116): Illuminate\\Pipeline\\Pipeline->Illuminate\\Pipeline\\{closure}(Object(Illuminate\\Http\\Request))
#44 C:\\Users\\labinfo\\Desktop\\projeto\\Projeto\\vendor\\laravel\\framework\\src\\Illuminate\\Foundation\\Http\\Kernel.php(142): Illuminate\\Pipeline\\Pipeline->then(Object(Closure))
#45 C:\\Users\\labinfo\\Desktop\\projeto\\Projeto\\vendor\\laravel\\framework\\src\\Illuminate\\Foundation\\Http\\Kernel.php(111): Illuminate\\Foundation\\Http\\Kernel->sendRequestThroughRouter(Object(Illuminate\\Http\\Request))
#46 C:\\Users\\labinfo\\Desktop\\projeto\\Projeto\\public\\index.php(52): Illuminate\\Foundation\\Http\\Kernel->handle(Object(Illuminate\\Http\\Request))
#47 C:\\Users\\labinfo\\Desktop\\projeto\\Projeto\\vendor\\laravel\\framework\\src\\Illuminate\\Foundation\\resources\\server.php(16): require_once('C:\\\\Users\\\\labinf...')
#48 {main}

[previous exception] [object] (PDOException(code: 23000): SQLSTATE[23000]: Integrity constraint violation: 1048 Column 'titulo' cannot be null at C:\\Users\\labinfo\\Desktop\\projeto\\Projeto\\vendor\\laravel\\framework\\src\\Illuminate\\Database\\Connection.php:544)
[stacktrace]
#0 C:\\Users\\labinfo\\Desktop\\projeto\\Projeto\\vendor\\laravel\\framework\\src\\Illuminate\\Database\\Connection.php(544): PDOStatement->execute()
#1 C:\\Users\\labinfo\\Desktop\\projeto\\Projeto\\vendor\\laravel\\framework\\src\\Illuminate\\Database\\Connection.php(752): Illuminate\\Database\\Connection->Illuminate\\Database\\{closure}('insert into `po...', Array)
#2 C:\\Users\\labinfo\\Desktop\\projeto\\Projeto\\vendor\\laravel\\framework\\src\\Illuminate\\Database\\Connection.php(719): Illuminate\\Database\\Connection->runQueryCallback('insert into `po...', Array, Object(Closure))
#3 C:\\Users\\labinfo\\Desktop\\projeto\\Projeto\\vendor\\laravel\\framework\\src\\Illuminate\\Database\\Connection.php(545): Illuminate\\Database\\Connection->run('insert into `po...', Array, Object(Closure))
#4 C:\\Users\\labinfo\\Desktop\\projeto\\Projeto\\vendor\\laravel\\framework\\src\\Illuminate\\Database\\Connection.php(497): Illuminate\\Database\\Connection->statement('insert into `po...', Array)
#5 C:\\Users\\labinfo\\Desktop\\projeto\\Projeto\\vendor\\laravel\\framework\\src\\Illuminate\\Database\\Query\\Processors\\Processor.php(32): Illuminate\\Database\\Connection->insert('insert into `po...', Array)
#6 C:\\Users\\labinfo\\Desktop\\projeto\\Projeto\\vendor\\laravel\\framework\\src\\Illuminate\\Database\\Query\\Builder.php(3252): Illuminate\\Database\\Query\\Processors\\Processor->processInsertGetId(Object(Illuminate\\Database\\Query\\Builder), 'insert into `po...', Array, 'id')
#7 C:\\Users\\labinfo\\Desktop\\projeto\\Projeto\\vendor\\laravel\\framework\\src\\Illuminate\\Database\\Eloquent\\Builder.php(1858): Illuminate\\Database\\Query\\Builder->insertGetId(Array, 'id')
#8 C:\\Users\\labinfo\\Desktop\\projeto\\Projeto\\vendor\\laravel\\framework\\src\\Illuminate\\Database\\Eloquent\\Model.php(1245): Illuminate\\Database\\Eloquent\\Builder->__call('insertGetId', Array)
#9 C:\\Users\\labinfo\\Desktop\\projeto\\Projeto\\vendor\\laravel\\framework\\src\\Illuminate\\Database\\Eloquent\\Model.php(1210): Illuminate\\Database\\Eloquent\\Model->insertAndSetId(Object(Illuminate\\Database\\Eloquent\\Builder), Array)
#10 C:\\Users\\labinfo\\Desktop\\projeto\\Projeto\\vendor\\laravel\\framework\\src\\Illuminate\\Database\\Eloquent\\Model.php(1051): Illuminate\\Database\\Eloquent\\Model->performInsert(Object(Illuminate\\Database\\Eloquent\\Builder))
#11 C:\\Users\\labinfo\\Desktop\\projeto\\Projeto\\app\\Http\\Controllers\\PostController.php(28): Illuminate\\Database\\Eloquent\\Model->save()
#12 C:\\Users\\labinfo\\Desktop\\projeto\\Projeto\\vendor\\laravel\\framework\\src\\Illuminate\\Routing\\Controller.php(54): App\\Http\\Controllers\\PostController->store(Object(Illuminate\\Http\\Request), '1')
#13 C:\\Users\\labinfo\\Desktop\\projeto\\Projeto\\vendor\\laravel\\framework\\src\\Illuminate\\Routing\\ControllerDispatcher.php(45): Illuminate\\Routing\\Controller->callAction('store', Array)
#14 C:\\Users\\labinfo\\Desktop\\projeto\\Projeto\\vendor\\laravel\\framework\\src\\Illuminate\\Routing\\Route.php(261): Illuminate\\Routing\\ControllerDispatcher->dispatch(Object(Illuminate\\Routing\\Route), Object(App\\Http\\Controllers\\PostController), 'store')
#15 C:\\Users\\labinfo\\Desktop\\projeto\\Projeto\\vendor\\laravel\\framework\\src\\Illuminate\\Routing\\Route.php(204): Illuminate\\Routing\\Route->runController()
#16 C:\\Users\\labinfo\\Desktop\\projeto\\Projeto\\vendor\\laravel\\framework\\src\\Illuminate\\Routing\\Router.php(725): Illuminate\\Routing\\Route->run()
#17 C:\\Users\\labinfo\\Desktop\\projeto\\Projeto\\vendor\\laravel\\framework\\src\\Illuminate\\Pipeline\\Pipeline.php(141): Illuminate\\Routing\\Router->Illuminate\\Routing\\{closure}(Object(Illuminate\\Http\\Request))
#18 C:\\Users\\labinfo\\Desktop\\projeto\\Projeto\\vendor\\laravel\\framework\\src\\Illuminate\\Routing\\Middleware\\SubstituteBindings.php(50): Illuminate\\Pipeline\\Pipeline->Illuminate\\Pipeline\\{closure}(Object(Illuminate\\Http\\Request))
#19 C:\\Users\\labinfo\\Desktop\\projeto\\Projeto\\vendor\\laravel\\framework\\src\\Illuminate\\Pipeline\\Pipeline.php(180): Illuminate\\Routing\\Middleware\\SubstituteBindings->handle(Object(Illuminate\\Http\\Request), Object(Closure))
#20 C:\\Users\\labinfo\\Desktop\\projeto\\Projeto\\vendor\\laravel\\framework\\src\\Illuminate\\Routing\\Middleware\\ThrottleRequests.php(126): Illuminate\\Pipeline\\Pipeline->Illuminate\\Pipeline\\{closure}(Object(Illuminate\\Http\\Request))
#21 C:\\Users\\labinfo\\Desktop\\projeto\\Projeto\\vendor\\laravel\\framework\\src\\Illuminate\\Routing\\Middleware\\ThrottleRequests.php(102): Illuminate\\Routing\\Middleware\\ThrottleRequests->handleRequest(Object(Illuminate\\Http\\Request), Object(Closure), Array)
#22 C:\\Users\\labinfo\\Desktop\\projeto\\Projeto\\vendor\\laravel\\framework\\src\\Illuminate\\Routing\\Middleware\\ThrottleRequests.php(54): Illuminate\\Routing\\Middleware\\ThrottleRequests->handleRequestUsingNamedLimiter(Object(Illuminate\\Http\\Request), Object(Closure), 'api', Object(Closure))
#23 C:\\Users\\labinfo\\Desktop\\projeto\\Projeto\\vendor\\laravel\\framework\\src\\Illuminate\\Pipeline\\Pipeline.php(180): Illuminate\\Routing\\Middleware\\ThrottleRequests->handle(Object(Illuminate\\Http\\Request), Object(Closure), 'api')
#24 C:\\Users\\labinfo\\Desktop\\projeto\\Projeto\\vendor\\laravel\\framework\\src\\Illuminate\\Pipeline\\Pipeline.php(116): Illuminate\\Pipeline\\Pipeline->Illuminate\\Pipeline\\{closure}(Object(Illuminate\\Http\\Request))
#25 C:\\Users\\labinfo\\Desktop\\projeto\\Projeto\\vendor\\laravel\\framework\\src\\Illuminate\\Routing\\Router.php(726): Illuminate\\Pipeline\\Pipeline->then(Object(Closure))
#26 C:\\Users\\labinfo\\Desktop\\projeto\\Projeto\\vendor\\laravel\\framework\\src\\Illuminate\\Routing\\Router.php(703): Illuminate\\Routing\\Router->runRouteWithinStack(Object(Illuminate\\Routing\\Route), Object(Illuminate\\Http\\Request))
#27 C:\\Users\\labinfo\\Desktop\\projeto\\Projeto\\vendor\\laravel\\framework\\src\\Illuminate\\Routing\\Router.php(667): Illuminate\\Routing\\Router->runRoute(Object(Illuminate\\Http\\Request), Object(Illuminate\\Routing\\Route))
#28 C:\\Users\\labinfo\\Desktop\\projeto\\Projeto\\vendor\\laravel\\framework\\src\\Illuminate\\Routing\\Router.php(656): Illuminate\\Routing\\Router->dispatchToRoute(Object(Illuminate\\Http\\Request))
#29 C:\\Users\\labinfo\\Desktop\\projeto\\Projeto\\vendor\\laravel\\framework\\src\\Illuminate\\Foundation\\Http\\Kernel.php(167): Illuminate\\Routing\\Router->dispatch(Object(Illuminate\\Http\\Request))
#30 C:\\Users\\labinfo\\Desktop\\projeto\\Projeto\\vendor\\laravel\\framework\\src\\Illuminate\\Pipeline\\Pipeline.php(141): Illuminate\\Foundation\\Http\\Kernel->Illuminate\\Foundation\\Http\\{closure}(Object(Illuminate\\Http\\Request))
#31 C:\\Users\\labinfo\\Desktop\\projeto\\Projeto\\vendor\\laravel\\framework\\src\\Illuminate\\Foundation\\Http\\Middleware\\TransformsRequest.php(21): Illuminate\\Pipeline\\Pipeline->Illuminate\\Pipeline\\{closure}(Object(Illuminate\\Http\\Request))
#32 C:\\Users\\labinfo\\Desktop\\projeto\\Projeto\\vendor\\laravel\\framework\\src\\Illuminate\\Foundation\\Http\\Middleware\\ConvertEmptyStringsToNull.php(31): Illuminate\\Foundation\\Http\\Middleware\\TransformsRequest->handle(Object(Illuminate\\Http\\Request), Object(Closure))
#33 C:\\Users\\labinfo\\Desktop\\projeto\\Projeto\\vendor\\laravel\\framework\\src\\Illuminate\\Pipeline\\Pipeline.php(180): Illuminate\\Foundation\\Http\\Middleware\\ConvertEmptyStringsToNull->handle(Object(Illuminate\\Http\\Request), Object(Closure))
#34 C:\\Users\\labinfo\\Desktop\\projeto\\Projeto\\vendor\\laravel\\framework\\src\\Illuminate\\Foundation\\Http\\Middleware\\TransformsRequest.php(21): Illuminate\\Pipeline\\Pipeline->Illuminate\\Pipeline\\{closure}(Object(Illuminate\\Http\\Request))
#35 C:\\Users\\labinfo\\Desktop\\projeto\\Projeto\\vendor\\laravel\\framework\\src\\Illuminate\\Foundation\\Http\\Middleware\\TrimStrings.php(40): Illuminate\\Foundation\\Http\\Middleware\\TransformsRequest->handle(Object(Illuminate\\Http\\Request), Object(Closure))
#36 C:\\Users\\labinfo\\Desktop\\projeto\\Projeto\\vendor\\laravel\\framework\\src\\Illuminate\\Pipeline\\Pipeline.php(180): Illuminate\\Foundation\\Http\\Middleware\\TrimStrings->handle(Object(Illuminate\\Http\\Request), Object(Closure))
#37 C:\\Users\\labinfo\\Desktop\\projeto\\Projeto\\vendor\\laravel\\framework\\src\\Illuminate\\Foundation\\Http\\Middleware\\ValidatePostSize.php(27): Illuminate\\Pipeline\\Pipeline->Illuminate\\Pipeline\\{closure}(Object(Illuminate\\Http\\Request))
#38 C:\\Users\\labinfo\\Desktop\\projeto\\Projeto\\vendor\\laravel\\framework\\src\\Illuminate\\Pipeline\\Pipeline.php(180): Illuminate\\Foundation\\Http\\Middleware\\ValidatePostSize->handle(Object(Illuminate\\Http\\Request), Object(Closure))
#39 C:\\Users\\labinfo\\Desktop\\projeto\\Projeto\\vendor\\laravel\\framework\\src\\Illuminate\\Foundation\\Http\\Middleware\\PreventRequestsDuringMaintenance.php(86): Illuminate\\Pipeline\\Pipeline->Illuminate\\Pipeline\\{closure}(Object(Illuminate\\Http\\Request))
#40 C:\\Users\\labinfo\\Desktop\\projeto\\Projeto\\vendor\\laravel\\framework\\src\\Illuminate\\Pipeline\\Pipeline.php(180): Illuminate\\Foundation\\Http\\Middleware\\PreventRequestsDuringMaintenance->handle(Object(Illuminate\\Http\\Request), Object(Closure))
#41 C:\\Users\\labinfo\\Desktop\\projeto\\Projeto\\vendor\\laravel\\framework\\src\\Illuminate\\Http\\Middleware\\HandleCors.php(62): Illuminate\\Pipeline\\Pipeline->Illuminate\\Pipeline\\{closure}(Object(Illuminate\\Http\\Request))
#42 C:\\Users\\labinfo\\Desktop\\projeto\\Projeto\\vendor\\laravel\\framework\\src\\Illuminate\\Pipeline\\Pipeline.php(180): Illuminate\\Http\\Middleware\\HandleCors->handle(Object(Illuminate\\Http\\Request), Object(Closure))
#43 C:\\Users\\labinfo\\Desktop\\projeto\\Projeto\\vendor\\laravel\\framework\\src\\Illuminate\\Http\\Middleware\\TrustProxies.php(39): Illuminate\\Pipeline\\Pipeline->Illuminate\\Pipeline\\{closure}(Object(Illuminate\\Http\\Request))
#44 C:\\Users\\labinfo\\Desktop\\projeto\\Projeto\\vendor\\laravel\\framework\\src\\Illuminate\\Pipeline\\Pipeline.php(180): Illuminate\\Http\\Middleware\\TrustProxies->handle(Object(Illuminate\\Http\\Request), Object(Closure))
#45 C:\\Users\\labinfo\\Desktop\\projeto\\Projeto\\vendor\\laravel\\framework\\src\\Illuminate\\Pipeline\\Pipeline.php(116): Illuminate\\Pipeline\\Pipeline->Illuminate\\Pipeline\\{closure}(Object(Illuminate\\Http\\Request))
#46 C:\\Users\\labinfo\\Desktop\\projeto\\Projeto\\vendor\\laravel\\framework\\src\\Illuminate\\Foundation\\Http\\Kernel.php(142): Illuminate\\Pipeline\\Pipeline->then(Object(Closure))
#47 C:\\Users\\labinfo\\Desktop\\projeto\\Projeto\\vendor\\laravel\\framework\\src\\Illuminate\\Foundation\\Http\\Kernel.php(111): Illuminate\\Foundation\\Http\\Kernel->sendRequestThroughRouter(Object(Illuminate\\Http\\Request))
#48 C:\\Users\\labinfo\\Desktop\\projeto\\Projeto\\public\\index.php(52): Illuminate\\Foundation\\Http\\Kernel->handle(Object(Illuminate\\Http\\Request))
#49 C:\\Users\\labinfo\\Desktop\\projeto\\Projeto\\vendor\\laravel\\framework\\src\\Illuminate\\Foundation\\resources\\server.php(16): require_once('C:\\\\Users\\\\labinf...')
#50 {main}
"} 
